nohup: ignoring input
[[1;34mINFO[m] Scanning for projects...
[[1;33mWARNING[m] 
[[1;33mWARNING[m] Some problems were encountered while building the effective model for com.example:authService:jar:0.0.1-SNAPSHOT
[[1;33mWARNING[m] 'dependencies.dependency.(groupId:artifactId:type:classifier)' must be unique: com.mysql:mysql-connector-j:jar -> duplicate declaration of version (?) @ line 68, column 21
[[1;33mWARNING[m] 
[[1;33mWARNING[m] It is highly recommended to fix these problems because they threaten the stability of your build.
[[1;33mWARNING[m] 
[[1;33mWARNING[m] For this reason, future Maven versions might no longer support building such malformed projects.
[[1;33mWARNING[m] 
[[1;34mINFO[m] 
[[1;34mINFO[m] [1m----------------------< [0;36mcom.example:authService[0;1m >-----------------------[m
[[1;34mINFO[m] [1mBuilding authservice 0.0.1-SNAPSHOT[m
[[1;34mINFO[m]   from pom.xml
[[1;34mINFO[m] [1m--------------------------------[ jar ]---------------------------------[m
[[1;34mINFO[m] 
[[1;34mINFO[m] [1m>>> [0;32mspring-boot:3.3.3:run[m [1m(default-cli)[0;1m > [0;1mtest-compile[m @ [36mauthService[0;1m >>>[m
[[1;34mINFO[m] 
[[1;34mINFO[m] [1m--- [0;32mresources:3.3.1:resources[m [1m(default-resources)[m @ [36mauthService[0;1m ---[m
[[1;34mINFO[m] Copying 1 resource from src/main/resources to target/classes
[[1;34mINFO[m] Copying 0 resource from src/main/resources to target/classes
[[1;34mINFO[m] 
[[1;34mINFO[m] [1m--- [0;32mcompiler:3.13.0:compile[m [1m(default-compile)[m @ [36mauthService[0;1m ---[m
[[1;34mINFO[m] Nothing to compile - all classes are up to date.
[[1;34mINFO[m] 
[[1;34mINFO[m] [1m--- [0;32mresources:3.3.1:testResources[m [1m(default-testResources)[m @ [36mauthService[0;1m ---[m
[[1;34mINFO[m] skip non existing resourceDirectory /home/jitendra/Documents/workspace-spring-tools-for-eclipse-4.31.0.RELEASE/authservice/src/test/resources
[[1;34mINFO[m] 
[[1;34mINFO[m] [1m--- [0;32mcompiler:3.13.0:testCompile[m [1m(default-testCompile)[m @ [36mauthService[0;1m ---[m
[[1;34mINFO[m] Nothing to compile - all classes are up to date.
[[1;34mINFO[m] 
[[1;34mINFO[m] [1m<<< [0;32mspring-boot:3.3.3:run[m [1m(default-cli)[0;1m < [0;1mtest-compile[m @ [36mauthService[0;1m <<<[m
[[1;34mINFO[m] 
[[1;34mINFO[m] 
[[1;34mINFO[m] [1m--- [0;32mspring-boot:3.3.3:run[m [1m(default-cli)[m @ [36mauthService[0;1m ---[m
[[1;34mINFO[m] Attaching agents: []

  .   ____          _            __ _ _
 /\\ / ___'_ __ _ _(_)_ __  __ _ \ \ \ \
( ( )\___ | '_ | '_| | '_ \/ _` | \ \ \ \
 \\/  ___)| |_)| | | | | || (_| |  ) ) ) )
  '  |____| .__|_| |_|_| |_\__, | / / / /
 =========|_|==============|___/=/_/_/_/

 :: Spring Boot ::                (v3.3.3)

2026-04-26T20:33:02.836+05:30  INFO 17383 --- [auth-service] [  restartedMain] c.e.authservice.AuthServiceApplication   : Starting AuthServiceApplication using Java 17.0.16 with PID 17383 (/home/jitendra/Documents/workspace-spring-tools-for-eclipse-4.31.0.RELEASE/authservice/target/classes started by jitendra in /home/jitendra/Documents/workspace-spring-tools-for-eclipse-4.31.0.RELEASE/authservice)
2026-04-26T20:33:02.838+05:30  INFO 17383 --- [auth-service] [  restartedMain] c.e.authservice.AuthServiceApplication   : No active profile set, falling back to 1 default profile: "default"
2026-04-26T20:33:02.871+05:30  INFO 17383 --- [auth-service] [  restartedMain] o.s.c.c.c.ConfigServerConfigDataLoader   : Fetching config from server at : http://localhost:8092
2026-04-26T20:33:02.871+05:30  INFO 17383 --- [auth-service] [  restartedMain] o.s.c.c.c.ConfigServerConfigDataLoader   : Located environment: name=auth-service, profiles=[default], label=null, version=5f65aad33b54e4d2b9a90c3557fc0a5641f31103, state=null
2026-04-26T20:33:02.872+05:30  INFO 17383 --- [auth-service] [  restartedMain] .e.DevToolsPropertyDefaultsPostProcessor : Devtools property defaults active! Set 'spring.devtools.add-properties' to 'false' to disable
2026-04-26T20:33:02.872+05:30  INFO 17383 --- [auth-service] [  restartedMain] .e.DevToolsPropertyDefaultsPostProcessor : For additional web related logging consider setting the 'logging.level.web' property to 'DEBUG'
2026-04-26T20:33:03.662+05:30  INFO 17383 --- [auth-service] [  restartedMain] .s.d.r.c.RepositoryConfigurationDelegate : Bootstrapping Spring Data JPA repositories in DEFAULT mode.
2026-04-26T20:33:03.795+05:30  INFO 17383 --- [auth-service] [  restartedMain] .s.d.r.c.RepositoryConfigurationDelegate : Finished Spring Data repository scanning in 124 ms. Found 4 JPA repository interfaces.
2026-04-26T20:33:04.117+05:30  INFO 17383 --- [auth-service] [  restartedMain] o.s.cloud.context.scope.GenericScope     : BeanFactory id=8aadbd69-a314-3cf4-b52e-3264d30ea2a6
2026-04-26T20:33:04.275+05:30  WARN 17383 --- [auth-service] [  restartedMain] trationDelegate$BeanPostProcessorChecker : Bean 'org.springframework.cloud.client.loadbalancer.LoadBalancerAutoConfiguration$DeferringLoadBalancerInterceptorConfig' of type [org.springframework.cloud.client.loadbalancer.LoadBalancerAutoConfiguration$DeferringLoadBalancerInterceptorConfig] is not eligible for getting processed by all BeanPostProcessors (for example: not eligible for auto-proxying). The currently created BeanPostProcessor [lbRestClientPostProcessor] is declared through a non-static factory method on that class; consider declaring it as static instead.
2026-04-26T20:33:04.276+05:30  WARN 17383 --- [auth-service] [  restartedMain] trationDelegate$BeanPostProcessorChecker : Bean 'deferringLoadBalancerInterceptor' of type [org.springframework.cloud.client.loadbalancer.DeferringLoadBalancerInterceptor] is not eligible for getting processed by all BeanPostProcessors (for example: not eligible for auto-proxying). Is this bean getting eagerly injected into a currently created BeanPostProcessor [lbRestClientPostProcessor]? Check the corresponding BeanPostProcessor declaration and its dependencies.
2026-04-26T20:33:04.600+05:30  INFO 17383 --- [auth-service] [  restartedMain] o.s.b.w.embedded.tomcat.TomcatWebServer  : Tomcat initialized with port 8095 (http)
2026-04-26T20:33:04.614+05:30  INFO 17383 --- [auth-service] [  restartedMain] o.apache.catalina.core.StandardService   : Starting service [Tomcat]
2026-04-26T20:33:04.614+05:30  INFO 17383 --- [auth-service] [  restartedMain] o.apache.catalina.core.StandardEngine    : Starting Servlet engine: [Apache Tomcat/10.1.28]
2026-04-26T20:33:04.659+05:30  INFO 17383 --- [auth-service] [  restartedMain] o.a.c.c.C.[Tomcat].[localhost].[/]       : Initializing Spring embedded WebApplicationContext
2026-04-26T20:33:04.660+05:30  INFO 17383 --- [auth-service] [  restartedMain] w.s.c.ServletWebServerApplicationContext : Root WebApplicationContext: initialization completed in 1786 ms
2026-04-26T20:33:04.820+05:30  INFO 17383 --- [auth-service] [  restartedMain] o.hibernate.jpa.internal.util.LogHelper  : HHH000204: Processing PersistenceUnitInfo [name: default]
2026-04-26T20:33:04.890+05:30  INFO 17383 --- [auth-service] [  restartedMain] org.hibernate.Version                    : HHH000412: Hibernate ORM core version 6.5.2.Final
2026-04-26T20:33:04.925+05:30  INFO 17383 --- [auth-service] [  restartedMain] o.h.c.internal.RegionFactoryInitiator    : HHH000026: Second-level cache disabled
2026-04-26T20:33:05.173+05:30  INFO 17383 --- [auth-service] [  restartedMain] o.s.o.j.p.SpringPersistenceUnitInfo      : No LoadTimeWeaver setup: ignoring JPA class transformer
2026-04-26T20:33:05.196+05:30  INFO 17383 --- [auth-service] [  restartedMain] com.zaxxer.hikari.HikariDataSource       : HikariPool-1 - Starting...
2026-04-26T20:33:05.458+05:30  INFO 17383 --- [auth-service] [  restartedMain] com.zaxxer.hikari.pool.HikariPool        : HikariPool-1 - Added connection com.mysql.cj.jdbc.ConnectionImpl@37a6e4f1
2026-04-26T20:33:05.461+05:30  INFO 17383 --- [auth-service] [  restartedMain] com.zaxxer.hikari.HikariDataSource       : HikariPool-1 - Start completed.
2026-04-26T20:33:05.535+05:30  WARN 17383 --- [auth-service] [  restartedMain] org.hibernate.orm.deprecation            : HHH90000025: MySQLDialect does not need to be specified explicitly using 'hibernate.dialect' (remove the property setting and it will be selected by default)
2026-04-26T20:33:06.486+05:30  INFO 17383 --- [auth-service] [  restartedMain] o.h.e.t.j.p.i.JtaPlatformInitiator       : HHH000489: No JTA platform available (set 'hibernate.transaction.jta.platform' to enable JTA platform integration)
Hibernate: alter table token modify column access_token TEXT
Hibernate: alter table token modify column refresh_token TEXT
2026-04-26T20:33:06.619+05:30  INFO 17383 --- [auth-service] [  restartedMain] j.LocalContainerEntityManagerFactoryBean : Initialized JPA EntityManagerFactory for persistence unit 'default'
2026-04-26T20:33:06.841+05:30  INFO 17383 --- [auth-service] [  restartedMain] o.s.d.j.r.query.QueryEnhancerFactory     : Hibernate is in classpath; If applicable, HQL parser will be used.
2026-04-26T20:33:07.368+05:30  WARN 17383 --- [auth-service] [  restartedMain] JpaBaseConfiguration$JpaWebConfiguration : spring.jpa.open-in-view is enabled by default. Therefore, database queries may be performed during view rendering. Explicitly configure spring.jpa.open-in-view to disable this warning
2026-04-26T20:33:07.434+05:30  WARN 17383 --- [auth-service] [  restartedMain] .s.s.UserDetailsServiceAutoConfiguration : 

Using generated security password: 397ab486-4146-4573-85ab-cba064f82f37

This generated password is for development use only. Your security configuration must be updated before running your application in production.

2026-04-26T20:33:07.444+05:30  INFO 17383 --- [auth-service] [  restartedMain] r$InitializeUserDetailsManagerConfigurer : Global AuthenticationManager configured with UserDetailsService bean with name inMemoryUserDetailsManager
2026-04-26T20:33:07.968+05:30  INFO 17383 --- [auth-service] [  restartedMain] o.s.b.d.a.OptionalLiveReloadServer       : LiveReload server is running on port 35729
2026-04-26T20:33:08.279+05:30  INFO 17383 --- [auth-service] [  restartedMain] DiscoveryClientOptionalArgsConfiguration : Eureka HTTP Client uses RestTemplate.
2026-04-26T20:33:08.334+05:30  WARN 17383 --- [auth-service] [  restartedMain] iguration$LoadBalancerCaffeineWarnLogger : Spring Cloud LoadBalancer is currently working with the default cache. While this cache implementation is useful for development and tests, it's recommended to use Caffeine cache in production.You can switch to using Caffeine cache, by adding it and org.springframework.cache.caffeine.CaffeineCacheManager to the classpath.
2026-04-26T20:33:08.398+05:30  INFO 17383 --- [auth-service] [  restartedMain] o.s.c.n.eureka.InstanceInfoFactory       : Setting initial instance status as: STARTING
2026-04-26T20:33:08.435+05:30  INFO 17383 --- [auth-service] [  restartedMain] com.netflix.discovery.DiscoveryClient    : Initializing Eureka in region us-east-1
2026-04-26T20:33:08.439+05:30  INFO 17383 --- [auth-service] [  restartedMain] c.n.d.s.r.aws.ConfigClusterResolver      : Resolving eureka endpoints via configuration
2026-04-26T20:33:08.448+05:30  INFO 17383 --- [auth-service] [  restartedMain] com.netflix.discovery.DiscoveryClient    : Disable delta property : false
2026-04-26T20:33:08.448+05:30  INFO 17383 --- [auth-service] [  restartedMain] com.netflix.discovery.DiscoveryClient    : Single vip registry refresh property : null
2026-04-26T20:33:08.448+05:30  INFO 17383 --- [auth-service] [  restartedMain] com.netflix.discovery.DiscoveryClient    : Force full registry fetch : false
2026-04-26T20:33:08.448+05:30  INFO 17383 --- [auth-service] [  restartedMain] com.netflix.discovery.DiscoveryClient    : Application is null : false
2026-04-26T20:33:08.448+05:30  INFO 17383 --- [auth-service] [  restartedMain] com.netflix.discovery.DiscoveryClient    : Registered Applications size is zero : true
2026-04-26T20:33:08.448+05:30  INFO 17383 --- [auth-service] [  restartedMain] com.netflix.discovery.DiscoveryClient    : Application version is -1: true
2026-04-26T20:33:08.448+05:30  INFO 17383 --- [auth-service] [  restartedMain] com.netflix.discovery.DiscoveryClient    : Getting all instance registry info from the eureka server
2026-04-26T20:33:08.685+05:30  INFO 17383 --- [auth-service] [  restartedMain] com.netflix.discovery.DiscoveryClient    : The response status is 200
2026-04-26T20:33:08.687+05:30  INFO 17383 --- [auth-service] [  restartedMain] com.netflix.discovery.DiscoveryClient    : Starting heartbeat executor: renew interval is: 30
2026-04-26T20:33:08.689+05:30  INFO 17383 --- [auth-service] [  restartedMain] c.n.discovery.InstanceInfoReplicator     : InstanceInfoReplicator onDemand update allowed rate per min is 4
2026-04-26T20:33:08.691+05:30  INFO 17383 --- [auth-service] [  restartedMain] com.netflix.discovery.DiscoveryClient    : Discovery Client initialized at timestamp 1777215788690 with initial instances count: 2
2026-04-26T20:33:08.694+05:30  INFO 17383 --- [auth-service] [  restartedMain] o.s.c.n.e.s.EurekaServiceRegistry        : Registering application AUTH-SERVICE with eureka with status UP
2026-04-26T20:33:08.695+05:30  INFO 17383 --- [auth-service] [  restartedMain] com.netflix.discovery.DiscoveryClient    : Saw local status change event StatusChangeEvent [timestamp=1777215788695, current=UP, previous=STARTING]
2026-04-26T20:33:08.697+05:30  INFO 17383 --- [auth-service] [foReplicator-%d] com.netflix.discovery.DiscoveryClient    : DiscoveryClient_AUTH-SERVICE/10.96.131.185:auth-service:8095: registering service...
2026-04-26T20:33:08.715+05:30  INFO 17383 --- [auth-service] [  restartedMain] o.s.b.w.embedded.tomcat.TomcatWebServer  : Tomcat started on port 8095 (http) with context path '/'
2026-04-26T20:33:08.716+05:30  INFO 17383 --- [auth-service] [  restartedMain] .s.c.n.e.s.EurekaAutoServiceRegistration : Updating port to 8095
2026-04-26T20:33:08.747+05:30  INFO 17383 --- [auth-service] [foReplicator-%d] com.netflix.discovery.DiscoveryClient    : DiscoveryClient_AUTH-SERVICE/10.96.131.185:auth-service:8095 - registration status: 204
2026-04-26T20:33:08.891+05:30  INFO 17383 --- [auth-service] [  restartedMain] c.e.authservice.AuthServiceApplication   : Started AuthServiceApplication in 8.497 seconds (process running for 8.912)
2026-04-26T20:38:08.451+05:30  INFO 17383 --- [auth-service] [rap-executor-%d] c.n.d.s.r.aws.ConfigClusterResolver      : Resolving eureka endpoints via configuration
2026-04-26T20:42:46.377+05:30  INFO 17383 --- [auth-service] [nio-8095-exec-1] o.a.c.c.C.[Tomcat].[localhost].[/]       : Initializing Spring DispatcherServlet 'dispatcherServlet'
2026-04-26T20:42:46.377+05:30  INFO 17383 --- [auth-service] [nio-8095-exec-1] o.s.web.servlet.DispatcherServlet        : Initializing Servlet 'dispatcherServlet'
2026-04-26T20:42:46.381+05:30  INFO 17383 --- [auth-service] [nio-8095-exec-1] o.s.web.servlet.DispatcherServlet        : Completed initialization in 3 ms
Hibernate: select au1_0.id,au1_0.email,au1_0.is_active,au1_0.password,au1_0.phone,au1_0.user_id,au1_0.username from auth_user au1_0 where au1_0.email=?
Hibernate: select r1_0.auth_user_id,r1_0.roles from auth_user_roles r1_0 where r1_0.auth_user_id=?
Hibernate: insert into refresh_tokens (device_id,device_name,expiry_date,revoked,token,user_id) values (?,?,?,?,?,?)
Hibernate: insert into token (access_token,email,expiry_date,is_revoked,refresh_token) values (?,?,?,?,?)
AuthResponse(accessToken=eyJhbGciOiJIUzM4NCJ9.eyJyb2xlcyI6WyJVU0VSIiwiQURNSU4iXSwidXNlcklkIjoyLCJlbWFpbCI6ImtqaXRlbmRyYTE4OTVAZ21haWwuY29tIiwic3ViIjoia2ppdGVuZHJhMTg5NUBnbWFpbC5jb20iLCJpYXQiOjE3NzcyMTYzNjYsImV4cCI6MTc3NzIxOTk2Nn0.rWJcTgEFFQDvpb3y3B6kCVcGEkM5zhh2PB0X4S81HltKc1oAcEChjTp_3jGeiUmt, refreshToken=bc8d0af5-513e-4d45-a506-df29dfde75b1)
Hibernate: select au1_0.id,au1_0.email,au1_0.is_active,au1_0.password,au1_0.phone,au1_0.user_id,au1_0.username from auth_user au1_0 where au1_0.email=?
Hibernate: insert into refresh_tokens (device_id,device_name,expiry_date,revoked,token,user_id) values (?,?,?,?,?,?)
Hibernate: insert into token (access_token,email,expiry_date,is_revoked,refresh_token) values (?,?,?,?,?)
2026-04-26T20:43:08.456+05:30  INFO 17383 --- [auth-service] [rap-executor-%d] c.n.d.s.r.aws.ConfigClusterResolver      : Resolving eureka endpoints via configuration
2026-04-26T20:48:08.457+05:30  INFO 17383 --- [auth-service] [rap-executor-%d] c.n.d.s.r.aws.ConfigClusterResolver      : Resolving eureka endpoints via configuration
2026-04-26T20:53:08.458+05:30  INFO 17383 --- [auth-service] [rap-executor-%d] c.n.d.s.r.aws.ConfigClusterResolver      : Resolving eureka endpoints via configuration
2026-04-26T20:58:08.460+05:30  INFO 17383 --- [auth-service] [rap-executor-%d] c.n.d.s.r.aws.ConfigClusterResolver      : Resolving eureka endpoints via configuration
2026-04-26T21:00:00.009+05:30  INFO 17383 --- [auth-service] [   scheduling-1] c.e.a.configs.TokenCleanupScheduler      : Running token cleanup job...
Hibernate: delete prt1_0 from password_reset_tokens prt1_0 where prt1_0.expiry_date<?
2026-04-26T21:00:00.032+05:30  INFO 17383 --- [auth-service] [   scheduling-1] c.e.a.configs.TokenCleanupScheduler      : Deleted 0 expired password reset tokens
2026-04-26T21:03:08.461+05:30  INFO 17383 --- [auth-service] [rap-executor-%d] c.n.d.s.r.aws.ConfigClusterResolver      : Resolving eureka endpoints via configuration
2026-04-26T21:08:08.462+05:30  INFO 17383 --- [auth-service] [rap-executor-%d] c.n.d.s.r.aws.ConfigClusterResolver      : Resolving eureka endpoints via configuration
2026-04-26T21:13:08.463+05:30  INFO 17383 --- [auth-service] [rap-executor-%d] c.n.d.s.r.aws.ConfigClusterResolver      : Resolving eureka endpoints via configuration
2026-04-26T21:18:08.464+05:30  INFO 17383 --- [auth-service] [rap-executor-%d] c.n.d.s.r.aws.ConfigClusterResolver      : Resolving eureka endpoints via configuration
2026-04-26T21:23:08.467+05:30  INFO 17383 --- [auth-service] [rap-executor-%d] c.n.d.s.r.aws.ConfigClusterResolver      : Resolving eureka endpoints via configuration
2026-04-26T21:28:08.468+05:30  INFO 17383 --- [auth-service] [rap-executor-%d] c.n.d.s.r.aws.ConfigClusterResolver      : Resolving eureka endpoints via configuration
2026-04-26T21:33:08.470+05:30  INFO 17383 --- [auth-service] [rap-executor-%d] c.n.d.s.r.aws.ConfigClusterResolver      : Resolving eureka endpoints via configuration
2026-04-26T21:38:08.472+05:30  INFO 17383 --- [auth-service] [rap-executor-%d] c.n.d.s.r.aws.ConfigClusterResolver      : Resolving eureka endpoints via configuration
Hibernate: select au1_0.id,au1_0.email,au1_0.is_active,au1_0.password,au1_0.phone,au1_0.user_id,au1_0.username from auth_user au1_0 where au1_0.email=?
Hibernate: select r1_0.auth_user_id,r1_0.roles from auth_user_roles r1_0 where r1_0.auth_user_id=?
Hibernate: insert into refresh_tokens (device_id,device_name,expiry_date,revoked,token,user_id) values (?,?,?,?,?,?)
Hibernate: insert into token (access_token,email,expiry_date,is_revoked,refresh_token) values (?,?,?,?,?)
AuthResponse(accessToken=eyJhbGciOiJIUzM4NCJ9.eyJyb2xlcyI6WyJVU0VSIiwiQURNSU4iXSwidXNlcklkIjoyLCJlbWFpbCI6ImtqaXRlbmRyYTE4OTVAZ21haWwuY29tIiwic3ViIjoia2ppdGVuZHJhMTg5NUBnbWFpbC5jb20iLCJpYXQiOjE3NzcyMTk5NzksImV4cCI6MTc3NzIyMzU3OX0.V7EWEyz1e2esElWfWvdMNLuMhzmtHP0Y3BxQJOHjdAo71W-9SmTy-daP9c64cIY3, refreshToken=2a237bba-97f7-4829-9a1b-810d34a7d96e)
Hibernate: select au1_0.id,au1_0.email,au1_0.is_active,au1_0.password,au1_0.phone,au1_0.user_id,au1_0.username from auth_user au1_0 where au1_0.email=?
Hibernate: insert into refresh_tokens (device_id,device_name,expiry_date,revoked,token,user_id) values (?,?,?,?,?,?)
Hibernate: insert into token (access_token,email,expiry_date,is_revoked,refresh_token) values (?,?,?,?,?)
2026-04-26T21:43:08.477+05:30  INFO 17383 --- [auth-service] [rap-executor-%d] c.n.d.s.r.aws.ConfigClusterResolver      : Resolving eureka endpoints via configuration
2026-04-26T21:48:08.478+05:30  INFO 17383 --- [auth-service] [rap-executor-%d] c.n.d.s.r.aws.ConfigClusterResolver      : Resolving eureka endpoints via configuration
2026-04-26T21:53:08.480+05:30  INFO 17383 --- [auth-service] [rap-executor-%d] c.n.d.s.r.aws.ConfigClusterResolver      : Resolving eureka endpoints via configuration
2026-04-26T21:58:08.481+05:30  INFO 17383 --- [auth-service] [rap-executor-%d] c.n.d.s.r.aws.ConfigClusterResolver      : Resolving eureka endpoints via configuration
2026-04-26T22:00:00.002+05:30  INFO 17383 --- [auth-service] [   scheduling-1] c.e.a.configs.TokenCleanupScheduler      : Running token cleanup job...
Hibernate: delete prt1_0 from password_reset_tokens prt1_0 where prt1_0.expiry_date<?
2026-04-26T22:00:00.009+05:30  INFO 17383 --- [auth-service] [   scheduling-1] c.e.a.configs.TokenCleanupScheduler      : Deleted 0 expired password reset tokens
2026-04-26T22:03:08.482+05:30  INFO 17383 --- [auth-service] [rap-executor-%d] c.n.d.s.r.aws.ConfigClusterResolver      : Resolving eureka endpoints via configuration
2026-04-26T22:08:08.483+05:30  INFO 17383 --- [auth-service] [rap-executor-%d] c.n.d.s.r.aws.ConfigClusterResolver      : Resolving eureka endpoints via configuration
2026-04-26T22:13:08.486+05:30  INFO 17383 --- [auth-service] [rap-executor-%d] c.n.d.s.r.aws.ConfigClusterResolver      : Resolving eureka endpoints via configuration
2026-04-26T22:18:08.487+05:30  INFO 17383 --- [auth-service] [rap-executor-%d] c.n.d.s.r.aws.ConfigClusterResolver      : Resolving eureka endpoints via configuration
2026-04-26T22:23:08.487+05:30  INFO 17383 --- [auth-service] [rap-executor-%d] c.n.d.s.r.aws.ConfigClusterResolver      : Resolving eureka endpoints via configuration
2026-04-26T22:28:08.491+05:30  INFO 17383 --- [auth-service] [rap-executor-%d] c.n.d.s.r.aws.ConfigClusterResolver      : Resolving eureka endpoints via configuration
2026-04-26T22:33:08.492+05:30  INFO 17383 --- [auth-service] [rap-executor-%d] c.n.d.s.r.aws.ConfigClusterResolver      : Resolving eureka endpoints via configuration
2026-04-26T22:38:08.496+05:30  INFO 17383 --- [auth-service] [rap-executor-%d] c.n.d.s.r.aws.ConfigClusterResolver      : Resolving eureka endpoints via configuration
2026-04-26T22:43:08.497+05:30  INFO 17383 --- [auth-service] [rap-executor-%d] c.n.d.s.r.aws.ConfigClusterResolver      : Resolving eureka endpoints via configuration
Hibernate: select au1_0.id,au1_0.email,au1_0.is_active,au1_0.password,au1_0.phone,au1_0.user_id,au1_0.username from auth_user au1_0 where au1_0.email=?
Hibernate: select r1_0.auth_user_id,r1_0.roles from auth_user_roles r1_0 where r1_0.auth_user_id=?
Hibernate: insert into refresh_tokens (device_id,device_name,expiry_date,revoked,token,user_id) values (?,?,?,?,?,?)
Hibernate: insert into token (access_token,email,expiry_date,is_revoked,refresh_token) values (?,?,?,?,?)
AuthResponse(accessToken=eyJhbGciOiJIUzM4NCJ9.eyJyb2xlcyI6WyJVU0VSIiwiQURNSU4iXSwidXNlcklkIjoyLCJlbWFpbCI6ImtqaXRlbmRyYTE4OTVAZ21haWwuY29tIiwic3ViIjoia2ppdGVuZHJhMTg5NUBnbWFpbC5jb20iLCJpYXQiOjE3NzcyMjM3MjgsImV4cCI6MTc3NzIyNzMyOH0.ZvZi4nlS4dn1ywq4NAKhVEyx2RTbMQmFdjte-JqYpzpMqoKCovq2otuWXnxBX83Z, refreshToken=1fed0dca-ae7f-42d6-966e-4dc9c1ca194b)
Hibernate: select au1_0.id,au1_0.email,au1_0.is_active,au1_0.password,au1_0.phone,au1_0.user_id,au1_0.username from auth_user au1_0 where au1_0.email=?
Hibernate: insert into refresh_tokens (device_id,device_name,expiry_date,revoked,token,user_id) values (?,?,?,?,?,?)
Hibernate: insert into token (access_token,email,expiry_date,is_revoked,refresh_token) values (?,?,?,?,?)
2026-04-26T22:48:08.498+05:30  INFO 17383 --- [auth-service] [rap-executor-%d] c.n.d.s.r.aws.ConfigClusterResolver      : Resolving eureka endpoints via configuration
2026-04-26T22:53:08.502+05:30  INFO 17383 --- [auth-service] [rap-executor-%d] c.n.d.s.r.aws.ConfigClusterResolver      : Resolving eureka endpoints via configuration
2026-04-26T22:58:08.502+05:30  INFO 17383 --- [auth-service] [rap-executor-%d] c.n.d.s.r.aws.ConfigClusterResolver      : Resolving eureka endpoints via configuration
2026-04-26T23:00:00.002+05:30  INFO 17383 --- [auth-service] [   scheduling-1] c.e.a.configs.TokenCleanupScheduler      : Running token cleanup job...
Hibernate: delete prt1_0 from password_reset_tokens prt1_0 where prt1_0.expiry_date<?
2026-04-26T23:00:00.016+05:30  INFO 17383 --- [auth-service] [   scheduling-1] c.e.a.configs.TokenCleanupScheduler      : Deleted 0 expired password reset tokens
2026-04-26T23:03:08.506+05:30  INFO 17383 --- [auth-service] [rap-executor-%d] c.n.d.s.r.aws.ConfigClusterResolver      : Resolving eureka endpoints via configuration
2026-04-26T23:08:08.510+05:30  INFO 17383 --- [auth-service] [rap-executor-%d] c.n.d.s.r.aws.ConfigClusterResolver      : Resolving eureka endpoints via configuration
2026-04-26T23:13:08.513+05:30  INFO 17383 --- [auth-service] [rap-executor-%d] c.n.d.s.r.aws.ConfigClusterResolver      : Resolving eureka endpoints via configuration
2026-04-26T23:18:08.516+05:30  INFO 17383 --- [auth-service] [rap-executor-%d] c.n.d.s.r.aws.ConfigClusterResolver      : Resolving eureka endpoints via configuration
2026-04-26T23:23:08.518+05:30  INFO 17383 --- [auth-service] [rap-executor-%d] c.n.d.s.r.aws.ConfigClusterResolver      : Resolving eureka endpoints via configuration
2026-04-26T23:28:08.527+05:30  INFO 17383 --- [auth-service] [rap-executor-%d] c.n.d.s.r.aws.ConfigClusterResolver      : Resolving eureka endpoints via configuration
